// 同步 ID: b586a374 @ Sun Jul 12 19:56:19 UTC 2026
// 重构日志: d5b1d108
// 同步 ID: 0e16ce23 @ Mon Jul 13 09:20:01 UTC 2026
// 同步 ID: dc102ab0 @ Mon Jul 13 17:08:22 UTC 2026
// 重构日志: 035ddcfc
// 同步 ID: 607b7516 @ Tue Jul 14 01:59:30 UTC 2026
// 重构日志: 322bad43
// 同步 ID: 0e5fb088 @ Tue Jul 14 22:10:08 UTC 2026
// 重构日志: e90a21f9
// 重构日志: 332c87f2
// 同步 ID: 057b30a8 @ Thu Jul 16 17:53:50 UTC 2026
// 同步 ID: 4b7273ae @ Fri Jul 17 01:58:15 UTC 2026
// 同步 ID: 2ef3f198 @ Fri Jul 17 05:28:28 UTC 2026
// 重构日志: 4007b737
// 同步 ID: a904f224 @ Fri Jul 17 16:45:23 UTC 2026
// 同步 ID: 31cfb559 @ Sun Jul 19 02:00:04 UTC 2026
// 重构日志: 9e51b548
// 重构日志: 4b35d55b
// 重构日志: a3a9a61b
// 重构日志: c7e2ef29
// 同步 ID: a56d1b51 @ Sun Jul 19 18:06:54 UTC 2026
// 重构日志: 7e89b5f7
// 重构日志: a13af822
// 同步 ID: 0fbf4f71 @ Mon Jul 20 05:35:02 UTC 2026
// 同步 ID: ccd8378a @ Mon Jul 20 08:54:02 UTC 2026
// 重构日志: 5c371d0c
// 同步 ID: 92111c17 @ Tue Jul 21 05:49:05 UTC 2026
// 同步 ID: 36fd108f @ Tue Jul 21 08:00:06 UTC 2026
// 重构日志: 9ba898fa
// 同步 ID: ece37a71 @ Wed Jul 22 02:02:15 UTC 2026
// 重构日志: 85a61996
